<?xml version="1.0" encoding="UTF-8"?>
<!-- Generated by org.testng.reporters.JUnitXMLReporter -->
<testsuite hostname="AV-PC" ignored="0" name="Default test" tests="3" failures="0" timestamp="20 Jun 2018 01:01:20 GMT" time="25.105" errors="0">
  <testcase name="SignUpBtnTest" time="0.245" classname="com.crm.qa.testcases.LoginPageTest"/>
  <testcase name="crmLogoTest" time="0.057" classname="com.crm.qa.testcases.LoginPageTest"/>
  <testcase name="loginPageTitleTest" time="0.012" classname="com.crm.qa.testcases.LoginPageTest"/>
</testsuite> <!-- Default test -->
