<?xml version="1.0" encoding="UTF-8"?>
<testng-results skipped="0" failed="0" ignored="0" total="3" passed="3">
  <reporter-output>
  </reporter-output>
  <suite name="Default suite" duration-ms="25105" started-at="2018-06-20T01:00:55Z" finished-at="2018-06-20T01:01:20Z">
    <groups>
    </groups>
    <test name="Default test" duration-ms="25105" started-at="2018-06-20T01:00:55Z" finished-at="2018-06-20T01:01:20Z">
      <class name="com.crm.qa.testcases.LoginPageTest">
        <test-method status="PASS" signature="setUp()[pri:0, instance:com.crm.qa.testcases.LoginPageTest@6a41eaa2]" name="setUp" is-config="true" duration-ms="8506" started-at="2018-06-20T01:00:55Z" finished-at="2018-06-20T01:01:04Z">
          <reporter-output>
          </reporter-output>
        </test-method> <!-- setUp -->
        <test-method status="PASS" signature="SignUpBtnTest()[pri:1, instance:com.crm.qa.testcases.LoginPageTest@6a41eaa2]" name="SignUpBtnTest" duration-ms="245" started-at="2018-06-20T01:01:04Z" finished-at="2018-06-20T01:01:04Z">
          <reporter-output>
          </reporter-output>
        </test-method> <!-- SignUpBtnTest -->
        <test-method status="PASS" signature="tearDown()[pri:0, instance:com.crm.qa.testcases.LoginPageTest@6a41eaa2]" name="tearDown" is-config="true" duration-ms="665" started-at="2018-06-20T01:01:04Z" finished-at="2018-06-20T01:01:04Z">
          <reporter-output>
          </reporter-output>
        </test-method> <!-- tearDown -->
        <test-method status="PASS" signature="setUp()[pri:0, instance:com.crm.qa.testcases.LoginPageTest@6a41eaa2]" name="setUp" is-config="true" duration-ms="6980" started-at="2018-06-20T01:01:04Z" finished-at="2018-06-20T01:01:11Z">
          <reporter-output>
          </reporter-output>
        </test-method> <!-- setUp -->
        <test-method status="PASS" signature="crmLogoTest()[pri:2, instance:com.crm.qa.testcases.LoginPageTest@6a41eaa2]" name="crmLogoTest" duration-ms="57" started-at="2018-06-20T01:01:11Z" finished-at="2018-06-20T01:01:11Z">
          <reporter-output>
          </reporter-output>
        </test-method> <!-- crmLogoTest -->
        <test-method status="PASS" signature="tearDown()[pri:0, instance:com.crm.qa.testcases.LoginPageTest@6a41eaa2]" name="tearDown" is-config="true" duration-ms="636" started-at="2018-06-20T01:01:11Z" finished-at="2018-06-20T01:01:12Z">
          <reporter-output>
          </reporter-output>
        </test-method> <!-- tearDown -->
        <test-method status="PASS" signature="setUp()[pri:0, instance:com.crm.qa.testcases.LoginPageTest@6a41eaa2]" name="setUp" is-config="true" duration-ms="7273" started-at="2018-06-20T01:01:12Z" finished-at="2018-06-20T01:01:19Z">
          <reporter-output>
          </reporter-output>
        </test-method> <!-- setUp -->
        <test-method status="PASS" signature="loginPageTitleTest()[pri:3, instance:com.crm.qa.testcases.LoginPageTest@6a41eaa2]" name="loginPageTitleTest" duration-ms="12" started-at="2018-06-20T01:01:19Z" finished-at="2018-06-20T01:01:19Z">
          <reporter-output>
          </reporter-output>
        </test-method> <!-- loginPageTitleTest -->
        <test-method status="PASS" signature="tearDown()[pri:0, instance:com.crm.qa.testcases.LoginPageTest@6a41eaa2]" name="tearDown" is-config="true" duration-ms="677" started-at="2018-06-20T01:01:19Z" finished-at="2018-06-20T01:01:20Z">
          <reporter-output>
          </reporter-output>
        </test-method> <!-- tearDown -->
      </class> <!-- com.crm.qa.testcases.LoginPageTest -->
    </test> <!-- Default test -->
  </suite> <!-- Default suite -->
</testng-results>
